Connecting to database specified by database.yml
  [1m[36m (4.6ms)[0m  [1mSELECT "schema_migrations"."version" FROM "schema_migrations" [0m
Migrating to CreateMovies (20111119180638)
  [1m[35m (0.6ms)[0m  select sqlite_version(*)
  [1m[36m (0.1ms)[0m  [1mSELECT "schema_migrations"."version" FROM "schema_migrations" [0m
Connecting to database specified by database.yml
  [1m[36m (3.5ms)[0m  [1mSELECT "schema_migrations"."version" FROM "schema_migrations" [0m
  [1m[35m (0.4ms)[0m  select sqlite_version(*)
  [1m[36m (8.6ms)[0m  [1mCREATE TABLE "movies" ("id" INTEGER PRIMARY KEY AUTOINCREMENT NOT NULL, "title" varchar(255), "rating" varchar(255), "description" text, "release_date" datetime, "created_at" datetime, "updated_at" datetime) [0m
  [1m[35m (5.3ms)[0m  CREATE TABLE "schema_migrations" ("version" varchar(255) NOT NULL) 
  [1m[36m (5.8ms)[0m  [1mCREATE UNIQUE INDEX "unique_schema_migrations" ON "schema_migrations" ("version")[0m
  [1m[35m (0.1ms)[0m  SELECT version FROM "schema_migrations"
  [1m[36m (20.8ms)[0m  [1mINSERT INTO "schema_migrations" (version) VALUES ('20120130161449')[0m
  [1m[35m (5.7ms)[0m  INSERT INTO "schema_migrations" (version) VALUES ('20111119180638')
Connecting to database specified by database.yml
  [1m[36m (3.6ms)[0m  [1mSELECT "schema_migrations"."version" FROM "schema_migrations" [0m
  [1m[35m (0.3ms)[0m  select sqlite_version(*)
  [1m[36m (8.5ms)[0m  [1mCREATE TABLE "movies" ("id" INTEGER PRIMARY KEY AUTOINCREMENT NOT NULL, "title" varchar(255), "rating" varchar(255), "description" text, "release_date" datetime, "created_at" datetime, "updated_at" datetime) [0m
  [1m[35m (5.0ms)[0m  CREATE TABLE "schema_migrations" ("version" varchar(255) NOT NULL) 
  [1m[36m (6.2ms)[0m  [1mCREATE UNIQUE INDEX "unique_schema_migrations" ON "schema_migrations" ("version")[0m
  [1m[35m (0.1ms)[0m  SELECT version FROM "schema_migrations"
  [1m[36m (5.0ms)[0m  [1mINSERT INTO "schema_migrations" (version) VALUES ('20120130161449')[0m
  [1m[35m (21.6ms)[0m  INSERT INTO "schema_migrations" (version) VALUES ('20111119180638')
Connecting to database specified by database.yml
  [1m[36m (1.5ms)[0m  [1mSELECT "schema_migrations"."version" FROM "schema_migrations" [0m
  [1m[35m (0.1ms)[0m  begin transaction
  [1m[36mSQL (6.1ms)[0m  [1mINSERT INTO "movies" ("created_at", "description", "rating", "release_date", "title", "updated_at") VALUES (?, ?, ?, ?, ?, ?)[0m  [["created_at", Mon, 14 Nov 2016 01:21:50 UTC +00:00], ["description", nil], ["rating", "G"], ["release_date", Wed, 25 Nov 1992 00:00:00 UTC +00:00], ["title", "Aladdin"], ["updated_at", Mon, 14 Nov 2016 01:21:50 UTC +00:00]]
  [1m[35m (5.5ms)[0m  commit transaction
  [1m[36m (0.1ms)[0m  [1mbegin transaction[0m
  [1m[35mSQL (0.6ms)[0m  INSERT INTO "movies" ("created_at", "description", "rating", "release_date", "title", "updated_at") VALUES (?, ?, ?, ?, ?, ?)  [["created_at", Mon, 14 Nov 2016 01:21:50 UTC +00:00], ["description", nil], ["rating", "R"], ["release_date", Fri, 26 Oct 1984 00:00:00 UTC +00:00], ["title", "The Terminator"], ["updated_at", Mon, 14 Nov 2016 01:21:50 UTC +00:00]]
  [1m[36m (5.7ms)[0m  [1mcommit transaction[0m
  [1m[35m (0.1ms)[0m  begin transaction
  [1m[36mSQL (0.6ms)[0m  [1mINSERT INTO "movies" ("created_at", "description", "rating", "release_date", "title", "updated_at") VALUES (?, ?, ?, ?, ?, ?)[0m  [["created_at", Mon, 14 Nov 2016 01:21:50 UTC +00:00], ["description", nil], ["rating", "R"], ["release_date", Fri, 21 Jul 1989 00:00:00 UTC +00:00], ["title", "When Harry Met Sally"], ["updated_at", Mon, 14 Nov 2016 01:21:50 UTC +00:00]]
  [1m[35m (6.3ms)[0m  commit transaction
  [1m[36m (0.1ms)[0m  [1mbegin transaction[0m
  [1m[35mSQL (0.6ms)[0m  INSERT INTO "movies" ("created_at", "description", "rating", "release_date", "title", "updated_at") VALUES (?, ?, ?, ?, ?, ?)  [["created_at", Mon, 14 Nov 2016 01:21:50 UTC +00:00], ["description", nil], ["rating", "PG-13"], ["release_date", Wed, 10 Aug 2011 00:00:00 UTC +00:00], ["title", "The Help"], ["updated_at", Mon, 14 Nov 2016 01:21:50 UTC +00:00]]
  [1m[36m (14.5ms)[0m  [1mcommit transaction[0m
  [1m[35m (0.1ms)[0m  begin transaction
  [1m[36mSQL (0.6ms)[0m  [1mINSERT INTO "movies" ("created_at", "description", "rating", "release_date", "title", "updated_at") VALUES (?, ?, ?, ?, ?, ?)[0m  [["created_at", Mon, 14 Nov 2016 01:21:50 UTC +00:00], ["description", nil], ["rating", "PG-13"], ["release_date", Fri, 05 Jan 2001 00:00:00 UTC +00:00], ["title", "Chocolat"], ["updated_at", Mon, 14 Nov 2016 01:21:50 UTC +00:00]]
  [1m[35m (5.5ms)[0m  commit transaction
  [1m[36m (0.1ms)[0m  [1mbegin transaction[0m
  [1m[35mSQL (0.6ms)[0m  INSERT INTO "movies" ("created_at", "description", "rating", "release_date", "title", "updated_at") VALUES (?, ?, ?, ?, ?, ?)  [["created_at", Mon, 14 Nov 2016 01:21:50 UTC +00:00], ["description", nil], ["rating", "R"], ["release_date", Wed, 25 Apr 2001 00:00:00 UTC +00:00], ["title", "Amelie"], ["updated_at", Mon, 14 Nov 2016 01:21:50 UTC +00:00]]
  [1m[36m (165.2ms)[0m  [1mcommit transaction[0m
  [1m[35m (0.1ms)[0m  begin transaction
  [1m[36mSQL (0.4ms)[0m  [1mINSERT INTO "movies" ("created_at", "description", "rating", "release_date", "title", "updated_at") VALUES (?, ?, ?, ?, ?, ?)[0m  [["created_at", Mon, 14 Nov 2016 01:21:50 UTC +00:00], ["description", nil], ["rating", "G"], ["release_date", Sat, 06 Apr 1968 00:00:00 UTC +00:00], ["title", "2001: A Space Odyssey"], ["updated_at", Mon, 14 Nov 2016 01:21:50 UTC +00:00]]
  [1m[35m (17.6ms)[0m  commit transaction
  [1m[36m (0.1ms)[0m  [1mbegin transaction[0m
  [1m[35mSQL (0.7ms)[0m  INSERT INTO "movies" ("created_at", "description", "rating", "release_date", "title", "updated_at") VALUES (?, ?, ?, ?, ?, ?)  [["created_at", Mon, 14 Nov 2016 01:21:50 UTC +00:00], ["description", nil], ["rating", "PG"], ["release_date", Fri, 05 Nov 2004 00:00:00 UTC +00:00], ["title", "The Incredibles"], ["updated_at", Mon, 14 Nov 2016 01:21:50 UTC +00:00]]
  [1m[36m (5.7ms)[0m  [1mcommit transaction[0m
  [1m[35m (0.1ms)[0m  begin transaction
  [1m[36mSQL (0.7ms)[0m  [1mINSERT INTO "movies" ("created_at", "description", "rating", "release_date", "title", "updated_at") VALUES (?, ?, ?, ?, ?, ?)[0m  [["created_at", Mon, 14 Nov 2016 01:21:50 UTC +00:00], ["description", nil], ["rating", "PG"], ["release_date", Fri, 12 Jun 1981 00:00:00 UTC +00:00], ["title", "Raiders of the Lost Ark"], ["updated_at", Mon, 14 Nov 2016 01:21:50 UTC +00:00]]
  [1m[35m (13.7ms)[0m  commit transaction
  [1m[36m (0.1ms)[0m  [1mbegin transaction[0m
  [1m[35mSQL (0.5ms)[0m  INSERT INTO "movies" ("created_at", "description", "rating", "release_date", "title", "updated_at") VALUES (?, ?, ?, ?, ?, ?)  [["created_at", Mon, 14 Nov 2016 01:21:50 UTC +00:00], ["description", nil], ["rating", "G"], ["release_date", Wed, 21 Jun 2000 00:00:00 UTC +00:00], ["title", "Chicken Run"], ["updated_at", Mon, 14 Nov 2016 01:21:50 UTC +00:00]]
  [1m[36m (5.3ms)[0m  [1mcommit transaction[0m


Started GET "/" for 127.0.0.1 at 2016-11-13 19:22:21 -0600
Connecting to database specified by database.yml

ActionController::RoutingError (No route matches [GET] "/"):
  actionpack (3.2.18) lib/action_dispatch/middleware/debug_exceptions.rb:21:in `call'
  actionpack (3.2.18) lib/action_dispatch/middleware/show_exceptions.rb:56:in `call'
  railties (3.2.18) lib/rails/rack/logger.rb:32:in `call_app'
  railties (3.2.18) lib/rails/rack/logger.rb:16:in `block in call'
  activesupport (3.2.18) lib/active_support/tagged_logging.rb:22:in `tagged'
  railties (3.2.18) lib/rails/rack/logger.rb:16:in `call'
  actionpack (3.2.18) lib/action_dispatch/middleware/request_id.rb:22:in `call'
  rack (1.4.5) lib/rack/methodoverride.rb:21:in `call'
  rack (1.4.5) lib/rack/runtime.rb:17:in `call'
  activesupport (3.2.18) lib/active_support/cache/strategy/local_cache.rb:72:in `call'
  rack (1.4.5) lib/rack/lock.rb:15:in `call'
  actionpack (3.2.18) lib/action_dispatch/middleware/static.rb:63:in `call'
  railties (3.2.18) lib/rails/engine.rb:484:in `call'
  railties (3.2.18) lib/rails/application.rb:231:in `call'
  rack (1.4.5) lib/rack/content_length.rb:14:in `call'
  railties (3.2.18) lib/rails/rack/log_tailer.rb:17:in `call'
  rack (1.4.5) lib/rack/handler/webrick.rb:59:in `service'
  /Users/NiloofarZarei/.rvm/rubies/ruby-1.9.3-p551/lib/ruby/1.9.1/webrick/httpserver.rb:138:in `service'
  /Users/NiloofarZarei/.rvm/rubies/ruby-1.9.3-p551/lib/ruby/1.9.1/webrick/httpserver.rb:94:in `run'
  /Users/NiloofarZarei/.rvm/rubies/ruby-1.9.3-p551/lib/ruby/1.9.1/webrick/server.rb:191:in `block in start_thread'


  Rendered /Users/NiloofarZarei/.rvm/gems/ruby-1.9.3-p551/gems/actionpack-3.2.18/lib/action_dispatch/middleware/templates/rescues/routing_error.erb within rescues/layout (4.3ms)
Connecting to database specified by database.yml


Started GET "/assets/home.self.js?body=1" for 127.0.0.1 at 2016-11-21 12:05:42 -0600
Connecting to database specified by database.yml
Served asset /home.self.js - 404 Not Found (2ms)

ActionController::RoutingError (No route matches [GET] "/assets/home.self.js"):
  actionpack (3.2.18) lib/action_dispatch/middleware/debug_exceptions.rb:21:in `call'
  actionpack (3.2.18) lib/action_dispatch/middleware/show_exceptions.rb:56:in `call'
  railties (3.2.18) lib/rails/rack/logger.rb:32:in `call_app'
  railties (3.2.18) lib/rails/rack/logger.rb:16:in `block in call'
  activesupport (3.2.18) lib/active_support/tagged_logging.rb:22:in `tagged'
  railties (3.2.18) lib/rails/rack/logger.rb:16:in `call'
  actionpack (3.2.18) lib/action_dispatch/middleware/request_id.rb:22:in `call'
  rack (1.4.5) lib/rack/methodoverride.rb:21:in `call'
  rack (1.4.5) lib/rack/runtime.rb:17:in `call'
  activesupport (3.2.18) lib/active_support/cache/strategy/local_cache.rb:72:in `call'
  rack (1.4.5) lib/rack/lock.rb:15:in `call'
  actionpack (3.2.18) lib/action_dispatch/middleware/static.rb:63:in `call'
  railties (3.2.18) lib/rails/engine.rb:484:in `call'
  railties (3.2.18) lib/rails/application.rb:231:in `call'
  rack (1.4.5) lib/rack/content_length.rb:14:in `call'
  railties (3.2.18) lib/rails/rack/log_tailer.rb:17:in `call'
  rack (1.4.5) lib/rack/handler/webrick.rb:59:in `service'
  /Users/NiloofarZarei/.rvm/rubies/ruby-1.9.3-p551/lib/ruby/1.9.1/webrick/httpserver.rb:138:in `service'
  /Users/NiloofarZarei/.rvm/rubies/ruby-1.9.3-p551/lib/ruby/1.9.1/webrick/httpserver.rb:94:in `run'
  /Users/NiloofarZarei/.rvm/rubies/ruby-1.9.3-p551/lib/ruby/1.9.1/webrick/server.rb:191:in `block in start_thread'


  Rendered /Users/NiloofarZarei/.rvm/gems/ruby-1.9.3-p551/gems/actionpack-3.2.18/lib/action_dispatch/middleware/templates/rescues/routing_error.erb within rescues/layout (3.8ms)


Started GET "/assets/jquery_ujs.self.js?body=1" for 127.0.0.1 at 2016-11-21 12:05:43 -0600
Served asset /jquery_ujs.self.js - 404 Not Found (1ms)

ActionController::RoutingError (No route matches [GET] "/assets/jquery_ujs.self.js"):
  actionpack (3.2.18) lib/action_dispatch/middleware/debug_exceptions.rb:21:in `call'
  actionpack (3.2.18) lib/action_dispatch/middleware/show_exceptions.rb:56:in `call'
  railties (3.2.18) lib/rails/rack/logger.rb:32:in `call_app'
  railties (3.2.18) lib/rails/rack/logger.rb:16:in `block in call'
  activesupport (3.2.18) lib/active_support/tagged_logging.rb:22:in `tagged'
  railties (3.2.18) lib/rails/rack/logger.rb:16:in `call'
  actionpack (3.2.18) lib/action_dispatch/middleware/request_id.rb:22:in `call'
  rack (1.4.5) lib/rack/methodoverride.rb:21:in `call'
  rack (1.4.5) lib/rack/runtime.rb:17:in `call'
  activesupport (3.2.18) lib/active_support/cache/strategy/local_cache.rb:72:in `call'
  rack (1.4.5) lib/rack/lock.rb:15:in `call'
  actionpack (3.2.18) lib/action_dispatch/middleware/static.rb:63:in `call'
  railties (3.2.18) lib/rails/engine.rb:484:in `call'
  railties (3.2.18) lib/rails/application.rb:231:in `call'
  rack (1.4.5) lib/rack/content_length.rb:14:in `call'
  railties (3.2.18) lib/rails/rack/log_tailer.rb:17:in `call'
  rack (1.4.5) lib/rack/handler/webrick.rb:59:in `service'
  /Users/NiloofarZarei/.rvm/rubies/ruby-1.9.3-p551/lib/ruby/1.9.1/webrick/httpserver.rb:138:in `service'
  /Users/NiloofarZarei/.rvm/rubies/ruby-1.9.3-p551/lib/ruby/1.9.1/webrick/httpserver.rb:94:in `run'
  /Users/NiloofarZarei/.rvm/rubies/ruby-1.9.3-p551/lib/ruby/1.9.1/webrick/server.rb:191:in `block in start_thread'


  Rendered /Users/NiloofarZarei/.rvm/gems/ruby-1.9.3-p551/gems/actionpack-3.2.18/lib/action_dispatch/middleware/templates/rescues/routing_error.erb within rescues/layout (0.5ms)


Started GET "/assets/bootstrap.self.js?body=1" for 127.0.0.1 at 2016-11-21 12:05:43 -0600
Served asset /bootstrap.self.js - 404 Not Found (1ms)

ActionController::RoutingError (No route matches [GET] "/assets/bootstrap.self.js"):
  actionpack (3.2.18) lib/action_dispatch/middleware/debug_exceptions.rb:21:in `call'
  actionpack (3.2.18) lib/action_dispatch/middleware/show_exceptions.rb:56:in `call'
  railties (3.2.18) lib/rails/rack/logger.rb:32:in `call_app'
  railties (3.2.18) lib/rails/rack/logger.rb:16:in `block in call'
  activesupport (3.2.18) lib/active_support/tagged_logging.rb:22:in `tagged'
  railties (3.2.18) lib/rails/rack/logger.rb:16:in `call'
  actionpack (3.2.18) lib/action_dispatch/middleware/request_id.rb:22:in `call'
  rack (1.4.5) lib/rack/methodoverride.rb:21:in `call'
  rack (1.4.5) lib/rack/runtime.rb:17:in `call'
  activesupport (3.2.18) lib/active_support/cache/strategy/local_cache.rb:72:in `call'
  rack (1.4.5) lib/rack/lock.rb:15:in `call'
  actionpack (3.2.18) lib/action_dispatch/middleware/static.rb:63:in `call'
  railties (3.2.18) lib/rails/engine.rb:484:in `call'
  railties (3.2.18) lib/rails/application.rb:231:in `call'
  rack (1.4.5) lib/rack/content_length.rb:14:in `call'
  railties (3.2.18) lib/rails/rack/log_tailer.rb:17:in `call'
  rack (1.4.5) lib/rack/handler/webrick.rb:59:in `service'
  /Users/NiloofarZarei/.rvm/rubies/ruby-1.9.3-p551/lib/ruby/1.9.1/webrick/httpserver.rb:138:in `service'
  /Users/NiloofarZarei/.rvm/rubies/ruby-1.9.3-p551/lib/ruby/1.9.1/webrick/httpserver.rb:94:in `run'
  /Users/NiloofarZarei/.rvm/rubies/ruby-1.9.3-p551/lib/ruby/1.9.1/webrick/server.rb:191:in `block in start_thread'


  Rendered /Users/NiloofarZarei/.rvm/gems/ruby-1.9.3-p551/gems/actionpack-3.2.18/lib/action_dispatch/middleware/templates/rescues/routing_error.erb within rescues/layout (0.5ms)


Started GET "/assets/admin.self.js?body=1" for 127.0.0.1 at 2016-11-21 12:05:43 -0600
Served asset /admin.self.js - 404 Not Found (1ms)

ActionController::RoutingError (No route matches [GET] "/assets/admin.self.js"):
  actionpack (3.2.18) lib/action_dispatch/middleware/debug_exceptions.rb:21:in `call'
  actionpack (3.2.18) lib/action_dispatch/middleware/show_exceptions.rb:56:in `call'
  railties (3.2.18) lib/rails/rack/logger.rb:32:in `call_app'
  railties (3.2.18) lib/rails/rack/logger.rb:16:in `block in call'
  activesupport (3.2.18) lib/active_support/tagged_logging.rb:22:in `tagged'
  railties (3.2.18) lib/rails/rack/logger.rb:16:in `call'
  actionpack (3.2.18) lib/action_dispatch/middleware/request_id.rb:22:in `call'
  rack (1.4.5) lib/rack/methodoverride.rb:21:in `call'
  rack (1.4.5) lib/rack/runtime.rb:17:in `call'
  activesupport (3.2.18) lib/active_support/cache/strategy/local_cache.rb:72:in `call'
  rack (1.4.5) lib/rack/lock.rb:15:in `call'
  actionpack (3.2.18) lib/action_dispatch/middleware/static.rb:63:in `call'
  railties (3.2.18) lib/rails/engine.rb:484:in `call'
  railties (3.2.18) lib/rails/application.rb:231:in `call'
  rack (1.4.5) lib/rack/content_length.rb:14:in `call'
  railties (3.2.18) lib/rails/rack/log_tailer.rb:17:in `call'
  rack (1.4.5) lib/rack/handler/webrick.rb:59:in `service'
  /Users/NiloofarZarei/.rvm/rubies/ruby-1.9.3-p551/lib/ruby/1.9.1/webrick/httpserver.rb:138:in `service'
  /Users/NiloofarZarei/.rvm/rubies/ruby-1.9.3-p551/lib/ruby/1.9.1/webrick/httpserver.rb:94:in `run'
  /Users/NiloofarZarei/.rvm/rubies/ruby-1.9.3-p551/lib/ruby/1.9.1/webrick/server.rb:191:in `block in start_thread'


  Rendered /Users/NiloofarZarei/.rvm/gems/ruby-1.9.3-p551/gems/actionpack-3.2.18/lib/action_dispatch/middleware/templates/rescues/routing_error.erb within rescues/layout (0.5ms)


Started GET "/" for 127.0.0.1 at 2016-11-21 12:05:43 -0600

ActionController::RoutingError (No route matches [GET] "/"):
  actionpack (3.2.18) lib/action_dispatch/middleware/debug_exceptions.rb:21:in `call'
  actionpack (3.2.18) lib/action_dispatch/middleware/show_exceptions.rb:56:in `call'
  railties (3.2.18) lib/rails/rack/logger.rb:32:in `call_app'
  railties (3.2.18) lib/rails/rack/logger.rb:16:in `block in call'
  activesupport (3.2.18) lib/active_support/tagged_logging.rb:22:in `tagged'
  railties (3.2.18) lib/rails/rack/logger.rb:16:in `call'
  actionpack (3.2.18) lib/action_dispatch/middleware/request_id.rb:22:in `call'
  rack (1.4.5) lib/rack/methodoverride.rb:21:in `call'
  rack (1.4.5) lib/rack/runtime.rb:17:in `call'
  activesupport (3.2.18) lib/active_support/cache/strategy/local_cache.rb:72:in `call'
  rack (1.4.5) lib/rack/lock.rb:15:in `call'
  actionpack (3.2.18) lib/action_dispatch/middleware/static.rb:63:in `call'
  railties (3.2.18) lib/rails/engine.rb:484:in `call'
  railties (3.2.18) lib/rails/application.rb:231:in `call'
  rack (1.4.5) lib/rack/content_length.rb:14:in `call'
  railties (3.2.18) lib/rails/rack/log_tailer.rb:17:in `call'
  rack (1.4.5) lib/rack/handler/webrick.rb:59:in `service'
  /Users/NiloofarZarei/.rvm/rubies/ruby-1.9.3-p551/lib/ruby/1.9.1/webrick/httpserver.rb:138:in `service'
  /Users/NiloofarZarei/.rvm/rubies/ruby-1.9.3-p551/lib/ruby/1.9.1/webrick/httpserver.rb:94:in `run'
  /Users/NiloofarZarei/.rvm/rubies/ruby-1.9.3-p551/lib/ruby/1.9.1/webrick/server.rb:191:in `block in start_thread'


  Rendered /Users/NiloofarZarei/.rvm/gems/ruby-1.9.3-p551/gems/actionpack-3.2.18/lib/action_dispatch/middleware/templates/rescues/routing_error.erb within rescues/layout (0.5ms)


Started GET "/assets/course_name.self.js?body=1" for 127.0.0.1 at 2016-11-21 12:05:43 -0600
Served asset /course_name.self.js - 404 Not Found (1ms)

ActionController::RoutingError (No route matches [GET] "/assets/course_name.self.js"):
  actionpack (3.2.18) lib/action_dispatch/middleware/debug_exceptions.rb:21:in `call'
  actionpack (3.2.18) lib/action_dispatch/middleware/show_exceptions.rb:56:in `call'
  railties (3.2.18) lib/rails/rack/logger.rb:32:in `call_app'
  railties (3.2.18) lib/rails/rack/logger.rb:16:in `block in call'
  activesupport (3.2.18) lib/active_support/tagged_logging.rb:22:in `tagged'
  railties (3.2.18) lib/rails/rack/logger.rb:16:in `call'
  actionpack (3.2.18) lib/action_dispatch/middleware/request_id.rb:22:in `call'
  rack (1.4.5) lib/rack/methodoverride.rb:21:in `call'
  rack (1.4.5) lib/rack/runtime.rb:17:in `call'
  activesupport (3.2.18) lib/active_support/cache/strategy/local_cache.rb:72:in `call'
  rack (1.4.5) lib/rack/lock.rb:15:in `call'
  actionpack (3.2.18) lib/action_dispatch/middleware/static.rb:63:in `call'
  railties (3.2.18) lib/rails/engine.rb:484:in `call'
  railties (3.2.18) lib/rails/application.rb:231:in `call'
  rack (1.4.5) lib/rack/content_length.rb:14:in `call'
  railties (3.2.18) lib/rails/rack/log_tailer.rb:17:in `call'
  rack (1.4.5) lib/rack/handler/webrick.rb:59:in `service'
  /Users/NiloofarZarei/.rvm/rubies/ruby-1.9.3-p551/lib/ruby/1.9.1/webrick/httpserver.rb:138:in `service'
  /Users/NiloofarZarei/.rvm/rubies/ruby-1.9.3-p551/lib/ruby/1.9.1/webrick/httpserver.rb:94:in `run'
  /Users/NiloofarZarei/.rvm/rubies/ruby-1.9.3-p551/lib/ruby/1.9.1/webrick/server.rb:191:in `block in start_thread'


  Rendered /Users/NiloofarZarei/.rvm/gems/ruby-1.9.3-p551/gems/actionpack-3.2.18/lib/action_dispatch/middleware/templates/rescues/routing_error.erb within rescues/layout (1.2ms)


Started GET "/assets/application.self.js?body=1" for 127.0.0.1 at 2016-11-21 12:05:43 -0600
Served asset /application.self.js - 404 Not Found (2ms)

ActionController::RoutingError (No route matches [GET] "/assets/application.self.js"):
  actionpack (3.2.18) lib/action_dispatch/middleware/debug_exceptions.rb:21:in `call'
  actionpack (3.2.18) lib/action_dispatch/middleware/show_exceptions.rb:56:in `call'
  railties (3.2.18) lib/rails/rack/logger.rb:32:in `call_app'
  railties (3.2.18) lib/rails/rack/logger.rb:16:in `block in call'
  activesupport (3.2.18) lib/active_support/tagged_logging.rb:22:in `tagged'
  railties (3.2.18) lib/rails/rack/logger.rb:16:in `call'
  actionpack (3.2.18) lib/action_dispatch/middleware/request_id.rb:22:in `call'
  rack (1.4.5) lib/rack/methodoverride.rb:21:in `call'
  rack (1.4.5) lib/rack/runtime.rb:17:in `call'
  activesupport (3.2.18) lib/active_support/cache/strategy/local_cache.rb:72:in `call'
  rack (1.4.5) lib/rack/lock.rb:15:in `call'
  actionpack (3.2.18) lib/action_dispatch/middleware/static.rb:63:in `call'
  railties (3.2.18) lib/rails/engine.rb:484:in `call'
  railties (3.2.18) lib/rails/application.rb:231:in `call'
  rack (1.4.5) lib/rack/content_length.rb:14:in `call'
  railties (3.2.18) lib/rails/rack/log_tailer.rb:17:in `call'
  rack (1.4.5) lib/rack/handler/webrick.rb:59:in `service'
  /Users/NiloofarZarei/.rvm/rubies/ruby-1.9.3-p551/lib/ruby/1.9.1/webrick/httpserver.rb:138:in `service'
  /Users/NiloofarZarei/.rvm/rubies/ruby-1.9.3-p551/lib/ruby/1.9.1/webrick/httpserver.rb:94:in `run'
  /Users/NiloofarZarei/.rvm/rubies/ruby-1.9.3-p551/lib/ruby/1.9.1/webrick/server.rb:191:in `block in start_thread'


  Rendered /Users/NiloofarZarei/.rvm/gems/ruby-1.9.3-p551/gems/actionpack-3.2.18/lib/action_dispatch/middleware/templates/rescues/routing_error.erb within rescues/layout (1.0ms)


Started GET "/assets/instructor.self.js?body=1" for 127.0.0.1 at 2016-11-21 12:05:43 -0600
Served asset /instructor.self.js - 404 Not Found (3ms)

ActionController::RoutingError (No route matches [GET] "/assets/instructor.self.js"):
  actionpack (3.2.18) lib/action_dispatch/middleware/debug_exceptions.rb:21:in `call'
  actionpack (3.2.18) lib/action_dispatch/middleware/show_exceptions.rb:56:in `call'
  railties (3.2.18) lib/rails/rack/logger.rb:32:in `call_app'
  railties (3.2.18) lib/rails/rack/logger.rb:16:in `block in call'
  activesupport (3.2.18) lib/active_support/tagged_logging.rb:22:in `tagged'
  railties (3.2.18) lib/rails/rack/logger.rb:16:in `call'
  actionpack (3.2.18) lib/action_dispatch/middleware/request_id.rb:22:in `call'
  rack (1.4.5) lib/rack/methodoverride.rb:21:in `call'
  rack (1.4.5) lib/rack/runtime.rb:17:in `call'
  activesupport (3.2.18) lib/active_support/cache/strategy/local_cache.rb:72:in `call'
  rack (1.4.5) lib/rack/lock.rb:15:in `call'
  actionpack (3.2.18) lib/action_dispatch/middleware/static.rb:63:in `call'
  railties (3.2.18) lib/rails/engine.rb:484:in `call'
  railties (3.2.18) lib/rails/application.rb:231:in `call'
  rack (1.4.5) lib/rack/content_length.rb:14:in `call'
  railties (3.2.18) lib/rails/rack/log_tailer.rb:17:in `call'
  rack (1.4.5) lib/rack/handler/webrick.rb:59:in `service'
  /Users/NiloofarZarei/.rvm/rubies/ruby-1.9.3-p551/lib/ruby/1.9.1/webrick/httpserver.rb:138:in `service'
  /Users/NiloofarZarei/.rvm/rubies/ruby-1.9.3-p551/lib/ruby/1.9.1/webrick/httpserver.rb:94:in `run'
  /Users/NiloofarZarei/.rvm/rubies/ruby-1.9.3-p551/lib/ruby/1.9.1/webrick/server.rb:191:in `block in start_thread'


  Rendered /Users/NiloofarZarei/.rvm/gems/ruby-1.9.3-p551/gems/actionpack-3.2.18/lib/action_dispatch/middleware/templates/rescues/routing_error.erb within rescues/layout (0.9ms)


Started GET "/assets/application.self.css?body=1" for 127.0.0.1 at 2016-11-21 12:05:43 -0600
Served asset /application.self.css - 404 Not Found (2ms)

ActionController::RoutingError (No route matches [GET] "/assets/application.self.css"):
  actionpack (3.2.18) lib/action_dispatch/middleware/debug_exceptions.rb:21:in `call'
  actionpack (3.2.18) lib/action_dispatch/middleware/show_exceptions.rb:56:in `call'
  railties (3.2.18) lib/rails/rack/logger.rb:32:in `call_app'
  railties (3.2.18) lib/rails/rack/logger.rb:16:in `block in call'
  activesupport (3.2.18) lib/active_support/tagged_logging.rb:22:in `tagged'
  railties (3.2.18) lib/rails/rack/logger.rb:16:in `call'
  actionpack (3.2.18) lib/action_dispatch/middleware/request_id.rb:22:in `call'
  rack (1.4.5) lib/rack/methodoverride.rb:21:in `call'
  rack (1.4.5) lib/rack/runtime.rb:17:in `call'
  activesupport (3.2.18) lib/active_support/cache/strategy/local_cache.rb:72:in `call'
  rack (1.4.5) lib/rack/lock.rb:15:in `call'
  actionpack (3.2.18) lib/action_dispatch/middleware/static.rb:63:in `call'
  railties (3.2.18) lib/rails/engine.rb:484:in `call'
  railties (3.2.18) lib/rails/application.rb:231:in `call'
  rack (1.4.5) lib/rack/content_length.rb:14:in `call'
  railties (3.2.18) lib/rails/rack/log_tailer.rb:17:in `call'
  rack (1.4.5) lib/rack/handler/webrick.rb:59:in `service'
  /Users/NiloofarZarei/.rvm/rubies/ruby-1.9.3-p551/lib/ruby/1.9.1/webrick/httpserver.rb:138:in `service'
  /Users/NiloofarZarei/.rvm/rubies/ruby-1.9.3-p551/lib/ruby/1.9.1/webrick/httpserver.rb:94:in `run'
  /Users/NiloofarZarei/.rvm/rubies/ruby-1.9.3-p551/lib/ruby/1.9.1/webrick/server.rb:191:in `block in start_thread'


  Rendered /Users/NiloofarZarei/.rvm/gems/ruby-1.9.3-p551/gems/actionpack-3.2.18/lib/action_dispatch/middleware/templates/rescues/routing_error.erb within rescues/layout (1.1ms)
Connecting to database specified by database.yml


Started GET "/" for 127.0.0.1 at 2016-11-21 12:11:50 -0600
Connecting to database specified by database.yml
Processing by MoviesController#index as HTML
  [1m[36mMovie Load (1.3ms)[0m  [1mSELECT "movies".* FROM "movies" WHERE "movies"."rating" IN ('G', 'PG', 'PG-13', 'NC-17', 'R')[0m
  Rendered movies/index.html.haml within layouts/application (23.7ms)
Compiled application.css  (0ms)  (pid 9269)
Compiled jquery.js  (2ms)  (pid 9269)
Compiled jquery_ujs.js  (0ms)  (pid 9269)
Compiled application.js  (99ms)  (pid 9269)
Completed 200 OK in 355.7ms (Views: 311.6ms | ActiveRecord: 5.0ms)


Started GET "/assets/application.css?body=1" for 127.0.0.1 at 2016-11-21 12:11:51 -0600
Served asset /application.css - 200 OK (6ms)


Started GET "/assets/jquery.js?body=1" for 127.0.0.1 at 2016-11-21 12:11:51 -0600
Served asset /jquery.js - 200 OK (5ms)


Started GET "/assets/jquery_ujs.js?body=1" for 127.0.0.1 at 2016-11-21 12:11:51 -0600
Served asset /jquery_ujs.js - 200 OK (2ms)


Started GET "/assets/application.js?body=1" for 127.0.0.1 at 2016-11-21 12:11:51 -0600
Served asset /application.js - 200 OK (9ms)
Connecting to database specified by database.yml
  [1m[36m (3.6ms)[0m  [1mselect sqlite_version(*)[0m
  [1m[35m (4.9ms)[0m  CREATE TABLE "movies" ("id" INTEGER PRIMARY KEY AUTOINCREMENT NOT NULL, "title" varchar(255), "rating" varchar(255), "description" text, "release_date" datetime, "created_at" datetime, "updated_at" datetime) 
  [1m[36m (4.1ms)[0m  [1mCREATE TABLE "schema_migrations" ("version" varchar(255) NOT NULL) [0m
  [1m[35m (4.8ms)[0m  CREATE UNIQUE INDEX "unique_schema_migrations" ON "schema_migrations" ("version")
  [1m[36m (0.1ms)[0m  [1mSELECT version FROM "schema_migrations"[0m
  [1m[35m (4.4ms)[0m  INSERT INTO "schema_migrations" (version) VALUES ('20120130161449')
  [1m[36m (4.3ms)[0m  [1mINSERT INTO "schema_migrations" (version) VALUES ('20111119180638')[0m
  [1m[35m (4.2ms)[0m  SELECT "schema_migrations"."version" FROM "schema_migrations" 
  [1m[36m (0.1ms)[0m  [1mbegin transaction[0m
  [1m[35mSQL (6.3ms)[0m  INSERT INTO "movies" ("created_at", "description", "rating", "release_date", "title", "updated_at") VALUES (?, ?, ?, ?, ?, ?)  [["created_at", Mon, 21 Nov 2016 18:24:52 UTC +00:00], ["description", nil], ["rating", "G"], ["release_date", Wed, 25 Nov 1992 00:00:00 UTC +00:00], ["title", "Aladdin"], ["updated_at", Mon, 21 Nov 2016 18:24:52 UTC +00:00]]
  [1m[36m (4.0ms)[0m  [1mcommit transaction[0m
  [1m[35m (0.1ms)[0m  begin transaction
  [1m[36mSQL (0.4ms)[0m  [1mINSERT INTO "movies" ("created_at", "description", "rating", "release_date", "title", "updated_at") VALUES (?, ?, ?, ?, ?, ?)[0m  [["created_at", Mon, 21 Nov 2016 18:24:52 UTC +00:00], ["description", nil], ["rating", "R"], ["release_date", Fri, 26 Oct 1984 00:00:00 UTC +00:00], ["title", "The Terminator"], ["updated_at", Mon, 21 Nov 2016 18:24:52 UTC +00:00]]
  [1m[35m (4.4ms)[0m  commit transaction
  [1m[36m (0.1ms)[0m  [1mbegin transaction[0m
  [1m[35mSQL (0.5ms)[0m  INSERT INTO "movies" ("created_at", "description", "rating", "release_date", "title", "updated_at") VALUES (?, ?, ?, ?, ?, ?)  [["created_at", Mon, 21 Nov 2016 18:24:52 UTC +00:00], ["description", nil], ["rating", "R"], ["release_date", Fri, 21 Jul 1989 00:00:00 UTC +00:00], ["title", "When Harry Met Sally"], ["updated_at", Mon, 21 Nov 2016 18:24:52 UTC +00:00]]
  [1m[36m (3.9ms)[0m  [1mcommit transaction[0m
  [1m[35m (0.0ms)[0m  begin transaction
  [1m[36mSQL (0.4ms)[0m  [1mINSERT INTO "movies" ("created_at", "description", "rating", "release_date", "title", "updated_at") VALUES (?, ?, ?, ?, ?, ?)[0m  [["created_at", Mon, 21 Nov 2016 18:24:52 UTC +00:00], ["description", nil], ["rating", "PG-13"], ["release_date", Wed, 10 Aug 2011 00:00:00 UTC +00:00], ["title", "The Help"], ["updated_at", Mon, 21 Nov 2016 18:24:52 UTC +00:00]]
  [1m[35m (4.5ms)[0m  commit transaction
  [1m[36m (0.0ms)[0m  [1mbegin transaction[0m
  [1m[35mSQL (0.4ms)[0m  INSERT INTO "movies" ("created_at", "description", "rating", "release_date", "title", "updated_at") VALUES (?, ?, ?, ?, ?, ?)  [["created_at", Mon, 21 Nov 2016 18:24:52 UTC +00:00], ["description", nil], ["rating", "PG-13"], ["release_date", Fri, 05 Jan 2001 00:00:00 UTC +00:00], ["title", "Chocolat"], ["updated_at", Mon, 21 Nov 2016 18:24:52 UTC +00:00]]
  [1m[36m (4.1ms)[0m  [1mcommit transaction[0m
  [1m[35m (0.1ms)[0m  begin transaction
  [1m[36mSQL (0.4ms)[0m  [1mINSERT INTO "movies" ("created_at", "description", "rating", "release_date", "title", "updated_at") VALUES (?, ?, ?, ?, ?, ?)[0m  [["created_at", Mon, 21 Nov 2016 18:24:52 UTC +00:00], ["description", nil], ["rating", "R"], ["release_date", Wed, 25 Apr 2001 00:00:00 UTC +00:00], ["title", "Amelie"], ["updated_at", Mon, 21 Nov 2016 18:24:52 UTC +00:00]]
  [1m[35m (4.5ms)[0m  commit transaction
  [1m[36m (0.1ms)[0m  [1mbegin transaction[0m
  [1m[35mSQL (0.4ms)[0m  INSERT INTO "movies" ("created_at", "description", "rating", "release_date", "title", "updated_at") VALUES (?, ?, ?, ?, ?, ?)  [["created_at", Mon, 21 Nov 2016 18:24:52 UTC +00:00], ["description", nil], ["rating", "G"], ["release_date", Sat, 06 Apr 1968 00:00:00 UTC +00:00], ["title", "2001: A Space Odyssey"], ["updated_at", Mon, 21 Nov 2016 18:24:52 UTC +00:00]]
  [1m[36m (4.5ms)[0m  [1mcommit transaction[0m
  [1m[35m (0.0ms)[0m  begin transaction
  [1m[36mSQL (0.4ms)[0m  [1mINSERT INTO "movies" ("created_at", "description", "rating", "release_date", "title", "updated_at") VALUES (?, ?, ?, ?, ?, ?)[0m  [["created_at", Mon, 21 Nov 2016 18:24:52 UTC +00:00], ["description", nil], ["rating", "PG"], ["release_date", Fri, 05 Nov 2004 00:00:00 UTC +00:00], ["title", "The Incredibles"], ["updated_at", Mon, 21 Nov 2016 18:24:52 UTC +00:00]]
  [1m[35m (4.9ms)[0m  commit transaction
  [1m[36m (0.0ms)[0m  [1mbegin transaction[0m
  [1m[35mSQL (0.4ms)[0m  INSERT INTO "movies" ("created_at", "description", "rating", "release_date", "title", "updated_at") VALUES (?, ?, ?, ?, ?, ?)  [["created_at", Mon, 21 Nov 2016 18:24:52 UTC +00:00], ["description", nil], ["rating", "PG"], ["release_date", Fri, 12 Jun 1981 00:00:00 UTC +00:00], ["title", "Raiders of the Lost Ark"], ["updated_at", Mon, 21 Nov 2016 18:24:52 UTC +00:00]]
  [1m[36m (4.1ms)[0m  [1mcommit transaction[0m
  [1m[35m (0.0ms)[0m  begin transaction
  [1m[36mSQL (0.4ms)[0m  [1mINSERT INTO "movies" ("created_at", "description", "rating", "release_date", "title", "updated_at") VALUES (?, ?, ?, ?, ?, ?)[0m  [["created_at", Mon, 21 Nov 2016 18:24:52 UTC +00:00], ["description", nil], ["rating", "G"], ["release_date", Wed, 21 Jun 2000 00:00:00 UTC +00:00], ["title", "Chicken Run"], ["updated_at", Mon, 21 Nov 2016 18:24:52 UTC +00:00]]
  [1m[35m (4.8ms)[0m  commit transaction


Started GET "/" for 127.0.0.1 at 2016-11-21 12:25:10 -0600
Connecting to database specified by database.yml
Processing by MoviesController#index as HTML
  [1m[36mMovie Load (0.4ms)[0m  [1mSELECT "movies".* FROM "movies" WHERE "movies"."rating" IN ('G', 'PG', 'PG-13', 'NC-17', 'R')[0m
  Rendered movies/index.html.haml within layouts/application (11.2ms)
Completed 200 OK in 105.5ms (Views: 69.8ms | ActiveRecord: 2.8ms)
Connecting to database specified by database.yml
Connecting to database specified by database.yml
  [1m[36m (4.9ms)[0m  [1mSELECT "schema_migrations"."version" FROM "schema_migrations" [0m
Migrating to CreateMovies (20111119180638)
Migrating to AddDirectorToMovie (20161121190515)
  [1m[35m (0.1ms)[0m  select sqlite_version(*)
  [1m[36m (0.1ms)[0m  [1mbegin transaction[0m
  [1m[35m (0.7ms)[0m  ALTER TABLE "movies" ADD "director" varchar(255)
  [1m[36m (0.5ms)[0m  [1mINSERT INTO "schema_migrations" ("version") VALUES ('20161121190515')[0m
  [1m[35m (4.2ms)[0m  commit transaction
  [1m[36m (0.1ms)[0m  [1mSELECT "schema_migrations"."version" FROM "schema_migrations" [0m


Started GET "/" for 127.0.0.1 at 2016-11-21 13:41:40 -0600
Connecting to database specified by database.yml
Processing by MoviesController#index as HTML
  [1m[36mMovie Load (0.8ms)[0m  [1mSELECT "movies".* FROM "movies" WHERE "movies"."rating" IN ('G', 'PG', 'PG-13', 'NC-17', 'R')[0m
  Rendered movies/index.html.haml within layouts/application (15.4ms)
Completed 200 OK in 139.7ms (Views: 91.7ms | ActiveRecord: 6.3ms)


Started GET "/movies/new" for 127.0.0.1 at 2016-11-21 13:41:49 -0600
Processing by MoviesController#new as HTML
  Rendered movies/new.html.haml within layouts/application (13.1ms)
Completed 200 OK in 18.8ms (Views: 18.4ms | ActiveRecord: 0.0ms)


Started GET "/movies/1" for 127.0.0.1 at 2016-11-21 13:41:53 -0600
Processing by MoviesController#show as HTML
  Parameters: {"id"=>"1"}
  [1m[35mMovie Load (0.4ms)[0m  SELECT "movies".* FROM "movies" WHERE "movies"."id" = ? LIMIT 1  [["id", "1"]]
  Rendered movies/show.html.haml within layouts/application (3.6ms)
Completed 200 OK in 9.8ms (Views: 7.4ms | ActiveRecord: 0.4ms)
Connecting to database specified by database.yml
  [1m[36m (5.0ms)[0m  [1mSELECT "schema_migrations"."version" FROM "schema_migrations" [0m
  [1m[35m (0.3ms)[0m  select sqlite_version(*)
  [1m[36m (9.1ms)[0m  [1mCREATE TABLE "movies" ("id" INTEGER PRIMARY KEY AUTOINCREMENT NOT NULL, "title" varchar(255), "rating" varchar(255), "description" text, "release_date" datetime, "created_at" datetime, "updated_at" datetime, "director" varchar(255)) [0m
  [1m[35m (7.0ms)[0m  CREATE TABLE "schema_migrations" ("version" varchar(255) NOT NULL) 
  [1m[36m (6.0ms)[0m  [1mCREATE UNIQUE INDEX "unique_schema_migrations" ON "schema_migrations" ("version")[0m
  [1m[35m (0.1ms)[0m  SELECT version FROM "schema_migrations"
  [1m[36m (6.1ms)[0m  [1mINSERT INTO "schema_migrations" (version) VALUES ('20161121190515')[0m
  [1m[35m (5.4ms)[0m  INSERT INTO "schema_migrations" (version) VALUES ('20111119180638')


Started GET "/" for 127.0.0.1 at 2016-11-21 14:08:00 -0600
Connecting to database specified by database.yml
Processing by MoviesController#index as HTML
  [1m[36mMovie Load (0.3ms)[0m  [1mSELECT "movies".* FROM "movies" WHERE "movies"."rating" IN ('G', 'PG', 'PG-13', 'NC-17', 'R')[0m
  Rendered movies/index.html.haml within layouts/application (13.7ms)
Completed 200 OK in 117.2ms (Views: 76.4ms | ActiveRecord: 3.0ms)


Started GET "/" for 127.0.0.1 at 2016-11-21 14:08:08 -0600
Processing by MoviesController#index as HTML
  [1m[35mMovie Load (0.3ms)[0m  SELECT "movies".* FROM "movies" WHERE "movies"."rating" IN ('G', 'PG', 'PG-13', 'NC-17', 'R')
  Rendered movies/index.html.haml within layouts/application (4.0ms)
Completed 200 OK in 8.9ms (Views: 7.3ms | ActiveRecord: 0.3ms)


Started GET "/movies/1" for 127.0.0.1 at 2016-11-21 14:08:14 -0600
Processing by MoviesController#show as HTML
  Parameters: {"id"=>"1"}
  [1m[36mMovie Load (0.3ms)[0m  [1mSELECT "movies".* FROM "movies" WHERE "movies"."id" = ? LIMIT 1[0m  [["id", "1"]]
  Rendered movies/show.html.haml within layouts/application (3.4ms)
Completed 200 OK in 10.2ms (Views: 7.9ms | ActiveRecord: 0.3ms)


Started GET "/movies/new" for 127.0.0.1 at 2016-11-21 14:08:25 -0600
Processing by MoviesController#new as HTML
  Rendered movies/new.html.haml within layouts/application (13.1ms)
Completed 200 OK in 19.1ms (Views: 18.6ms | ActiveRecord: 0.0ms)


Started GET "/" for 127.0.0.1 at 2016-11-21 14:11:19 -0600
Processing by MoviesController#index as HTML
  [1m[35mMovie Load (0.2ms)[0m  SELECT "movies".* FROM "movies" WHERE "movies"."rating" IN ('G', 'PG', 'PG-13', 'NC-17', 'R')
  Rendered movies/index.html.haml within layouts/application (4.4ms)
Completed 200 OK in 19.5ms (Views: 8.0ms | ActiveRecord: 0.6ms)


Started GET "/movies/1" for 127.0.0.1 at 2016-11-21 14:11:23 -0600
Processing by MoviesController#show as HTML
  Parameters: {"id"=>"1"}
  [1m[36mMovie Load (0.2ms)[0m  [1mSELECT "movies".* FROM "movies" WHERE "movies"."id" = ? LIMIT 1[0m  [["id", "1"]]
  Rendered movies/show.html.haml within layouts/application (1.4ms)
Completed 200 OK in 7.2ms (Views: 5.7ms | ActiveRecord: 0.2ms)


Started GET "/" for 127.0.0.1 at 2016-11-21 19:46:08 -0600
Connecting to database specified by database.yml
Processing by MoviesController#index as HTML
  [1m[36mMovie Load (0.7ms)[0m  [1mSELECT "movies".* FROM "movies" WHERE "movies"."rating" IN ('G', 'PG', 'PG-13', 'NC-17', 'R')[0m
  Rendered movies/index.html.haml within layouts/application (17.6ms)
Completed 200 OK in 130.9ms (Views: 89.5ms | ActiveRecord: 4.1ms)


Started GET "/movies/1" for 127.0.0.1 at 2016-11-21 19:46:31 -0600
Processing by MoviesController#show as HTML
  Parameters: {"id"=>"1"}
  [1m[35mMovie Load (0.3ms)[0m  SELECT "movies".* FROM "movies" WHERE "movies"."id" = ? LIMIT 1  [["id", "1"]]
  Rendered movies/show.html.haml within layouts/application (3.2ms)
Completed 200 OK in 9.0ms (Views: 6.5ms | ActiveRecord: 0.3ms)


Started GET "/movies/3" for 127.0.0.1 at 2016-11-21 19:50:24 -0600
Processing by MoviesController#show as HTML
  Parameters: {"id"=>"3"}
  [1m[36mMovie Load (0.2ms)[0m  [1mSELECT "movies".* FROM "movies" WHERE "movies"."id" = ? LIMIT 1[0m  [["id", "3"]]
  Rendered movies/show.html.haml within layouts/application (1.8ms)
Completed 200 OK in 6.9ms (Views: 5.5ms | ActiveRecord: 0.2ms)


Started GET "/movies/3/edit" for 127.0.0.1 at 2016-11-21 19:50:26 -0600
Processing by MoviesController#edit as HTML
  Parameters: {"id"=>"3"}
  [1m[35mMovie Load (0.1ms)[0m  SELECT "movies".* FROM "movies" WHERE "movies"."id" = ? LIMIT 1  [["id", "3"]]
  Rendered movies/edit.html.haml within layouts/application (11.8ms)
Completed 200 OK in 16.4ms (Views: 15.1ms | ActiveRecord: 0.1ms)


Started PUT "/movies/3" for 127.0.0.1 at 2016-11-21 19:50:38 -0600
Processing by MoviesController#update as HTML
  Parameters: {"utf8"=>"✓", "authenticity_token"=>"ZOYHswQl1I50HljWd7UGbaChyvFFW/LtqxLvJiM+ldU=", "movie"=>{"title"=>"When Harry Met Sally", "rating"=>"R", "release_date(1i)"=>"1989", "release_date(2i)"=>"7", "release_date(3i)"=>"21", "director"=>"Rob Reiner"}, "commit"=>"Update Movie Info", "id"=>"3"}
  [1m[36mMovie Load (0.1ms)[0m  [1mSELECT "movies".* FROM "movies" WHERE "movies"."id" = ? LIMIT 1[0m  [["id", "3"]]
  [1m[35m (0.0ms)[0m  begin transaction
  [1m[36m (3.9ms)[0m  [1mUPDATE "movies" SET "director" = 'Rob Reiner', "updated_at" = '2016-11-22 01:50:38.761167' WHERE "movies"."id" = 3[0m
  [1m[35m (7.7ms)[0m  commit transaction
Redirected to http://localhost:3000/movies/3
Completed 302 Found in 27.0ms (ActiveRecord: 11.7ms)


Started GET "/movies/3" for 127.0.0.1 at 2016-11-21 19:50:38 -0600
Processing by MoviesController#show as HTML
  Parameters: {"id"=>"3"}
  [1m[36mMovie Load (0.2ms)[0m  [1mSELECT "movies".* FROM "movies" WHERE "movies"."id" = ? LIMIT 1[0m  [["id", "3"]]
  Rendered movies/show.html.haml within layouts/application (1.3ms)
Completed 200 OK in 7.3ms (Views: 5.0ms | ActiveRecord: 0.2ms)


Started GET "/movies" for 127.0.0.1 at 2016-11-21 19:50:44 -0600
Processing by MoviesController#index as HTML
  [1m[35mMovie Load (0.3ms)[0m  SELECT "movies".* FROM "movies" WHERE "movies"."rating" IN ('G', 'PG', 'PG-13', 'NC-17', 'R')
  Rendered movies/index.html.haml within layouts/application (5.7ms)
Completed 200 OK in 10.9ms (Views: 9.1ms | ActiveRecord: 0.3ms)
